[debug] [2022-08-22T06:57:59.147Z] ----------------------------------------------------------------------
[debug] [2022-08-22T06:57:59.150Z] Command:       C:\Program Files\nodejs\node.exe C:\Users\Mutex-system\AppData\Roaming\npm\node_modules\firebase-tools\lib\bin\firebase.js init
[debug] [2022-08-22T06:57:59.151Z] CLI Version:   11.0.1
[debug] [2022-08-22T06:57:59.151Z] Platform:      win32
[debug] [2022-08-22T06:57:59.151Z] Node Version:  v16.14.0
[debug] [2022-08-22T06:57:59.158Z] Time:          Mon Aug 22 2022 11:57:59 GMT+0500 (Pakistan Standard Time)
[debug] [2022-08-22T06:57:59.158Z] ----------------------------------------------------------------------
[debug] 
[debug] [2022-08-22T06:57:59.163Z] >>> [apiv2][query] GET https://firebase-public.firebaseio.com/cli.json [none]
[debug] [2022-08-22T06:57:59.295Z] > command requires scopes: ["email","openid","https://www.googleapis.com/auth/cloudplatformprojects.readonly","https://www.googleapis.com/auth/firebase","https://www.googleapis.com/auth/cloud-platform"]
[debug] [2022-08-22T06:57:59.296Z] > authorizing via signed-in user (khanhammad896@gmail.com)
[info] 
     ######## #### ########  ######## ########     ###     ######  ########
     ##        ##  ##     ## ##       ##     ##  ##   ##  ##       ##
     ######    ##  ########  ######   ########  #########  ######  ######
     ##        ##  ##    ##  ##       ##     ## ##     ##       ## ##
     ##       #### ##     ## ######## ########  ##     ##  ######  ########

You're about to initialize a Firebase project in this directory:

  C:\Users\Mutex-system\Documents\Work\flowerlie-frontend

Before we get started, keep in mind:

  * You are initializing within an existing Firebase project directory

[debug] [2022-08-22T06:57:59.837Z] <<< [apiv2][status] GET https://firebase-public.firebaseio.com/cli.json 200
[debug] [2022-08-22T06:57:59.837Z] <<< [apiv2][body] GET https://firebase-public.firebaseio.com/cli.json {"cloudBuildErrorAfter":1594252800000,"cloudBuildWarnAfter":1590019200000,"defaultNode10After":1594252800000,"minVersion":"3.0.5","node8DeploysDisabledAfter":1613390400000,"node8RuntimeDisabledAfter":1615809600000,"node8WarnAfter":1600128000000}
